<?xml version="1.0" encoding="UTF-8"?>
<testng-results ignored="0" total="1" passed="1" failed="0" skipped="0">
  <reporter-output>
  </reporter-output>
  <suite started-at="2025-10-25T21:24:00 IST" name="Default suite" finished-at="2025-10-25T21:24:15 IST" duration-ms="14935">
    <groups>
    </groups>
    <test started-at="2025-10-25T21:24:00 IST" name="Default test" finished-at="2025-10-25T21:24:15 IST" duration-ms="14935">
      <class name="saucedemoEcommerce.EcommerceFlow">
        <test-method signature="LoginToCheckout()[pri:0, instance:saucedemoEcommerce.EcommerceFlow@18df8434]" started-at="2025-10-25T21:24:00 IST" name="LoginToCheckout" finished-at="2025-10-25T21:24:15 IST" duration-ms="14787" status="PASS">
          <reporter-output>
          </reporter-output>
        </test-method> <!-- LoginToCheckout -->
      </class> <!-- saucedemoEcommerce.EcommerceFlow -->
    </test> <!-- Default test -->
  </suite> <!-- Default suite -->
</testng-results>
